
OpenSBI v0.4 (Jul  2 2019 11:53:53)
   ____                    _____ ____ _____
  / __ \                  / ____|  _ \_   _|
 | |  | |_ __   ___ _ __ | (___ | |_) || |
 | |  | | '_ \ / _ \ '_ \ \___ \|  _ < | |
 | |__| | |_) |  __/ | | |____) | |_) || |_
  \____/| .__/ \___|_| |_|_____/|____/_____|
        | |
        |_|

Platform Name          : QEMU Virt Machine
Platform HART Features : RV64ACDFIMSU
Platform Max HARTs     : 8
Current Hart           : 0
Firmware Base          : 0x80000000
Firmware Size          : 112 KB
Runtime SBI Version    : 0.1

PMP0: 0x0000000080000000-0x000000008001ffff (A)
PMP1: 0x0000000000000000-0xffffffffffffffff (A,R,W,X)
(THU.CST) os is loading ...
Special kernel symbols:
  entry  0xffffffffc0200032 (virtual)
  etext  0xffffffffc02016f4 (virtual)
  edata  0xffffffffc0206018 (virtual)
  end    0xffffffffc0254688 (virtual)
Kernel executable memory footprint: 338KB
memory management: buddy_pmm_manager
physcial memory map:
  memory: 0x0000000007e00000, [0x0000000080200000, 0x0000000087ffffff].
alloc page offset 0
alloc page offset 1
alloc page offset 2
free page offset 0
),free page offset 1
),free page offset 2
),alloc page offset 0
alloc page offset 128
p0 0xffffffffc025df48
p1 0xffffffffc025f348
p1-p0 equal 0x80 ?=128
alloc page offset 512
p2 0xffffffffc0262f48
p2-p1 equal 0x180 ?=128+256
alloc page offset 192
p3 0xffffffffc025fd48
p3-p1 equal 0x40 ?=64
free page offset 0
),free p0!
free page offset 128
),free p1!
free page offset 192
),free p3!
alloc page offset 0
p4 0xffffffffc025df48
p2-p4 equal 0x200 ?=512
alloc page offset 256
p5 0xffffffffc0260748
p5-p4 equal 0x100 ?=256
free page offset 512
),free p2!
free page offset 0
),free p4!
free page offset 256
),free p5!
CHECK DONE!
check_alloc_page() succeeded!
satp virtual address: 0xffffffffc0205000
satp physical address: 0x0000000080205000
++ setup timer interrupts
100 ticks
100 ticks
100 ticks
100 ticks
100 ticks
100 ticks
100 ticks
100 ticks
100 ticks
100 ticks
